[debug] [2026-06-13T09:51:36.519Z] ----------------------------------------------------------------------
[debug] [2026-06-13T09:51:36.527Z] Command:       /opt/homebrew/Cellar/node/25.2.1/bin/node /opt/homebrew/bin/firebase deploy --only hosting
[debug] [2026-06-13T09:51:36.527Z] CLI Version:   15.18.0
[debug] [2026-06-13T09:51:36.527Z] Platform:      darwin
[debug] [2026-06-13T09:51:36.527Z] Node Version:  v25.2.1
[debug] [2026-06-13T09:51:36.527Z] Time:          Sat Jun 13 2026 11:51:36 GMT+0200 (Central European Summer Time)
[debug] [2026-06-13T09:51:36.527Z] ----------------------------------------------------------------------
[debug] 
[debug] [2026-06-13T09:51:37.402Z] > command requires scopes: ["email","openid","https://www.googleapis.com/auth/cloudplatformprojects.readonly","https://www.googleapis.com/auth/firebase","https://www.googleapis.com/auth/cloud-platform"]
[debug] [2026-06-13T09:51:37.402Z] > authorizing via signed-in user (yucolaguilar@gmail.com)
[debug] [2026-06-13T09:51:37.402Z] [iam] checking project weddings-events-96440339-a53e7 for permissions ["firebase.projects.get","firebasehosting.sites.update"]
[debug] [2026-06-13T09:51:37.403Z] Checked if tokens are valid: true, expires at: 1781345740275
[debug] [2026-06-13T09:51:37.403Z] Checked if tokens are valid: true, expires at: 1781345740275
[debug] [2026-06-13T09:51:37.403Z] >>> [apiv2][query] POST https://cloudresourcemanager.googleapis.com/v1/projects/weddings-events-96440339-a53e7:testIamPermissions [none]
[debug] [2026-06-13T09:51:37.403Z] >>> [apiv2][(partial)header] POST https://cloudresourcemanager.googleapis.com/v1/projects/weddings-events-96440339-a53e7:testIamPermissions  x-goog-user-project=weddings-events-96440339-a53e7
[debug] [2026-06-13T09:51:37.403Z] >>> [apiv2][body] POST https://cloudresourcemanager.googleapis.com/v1/projects/weddings-events-96440339-a53e7:testIamPermissions {"permissions":["firebase.projects.get","firebasehosting.sites.update"]}
[debug] [2026-06-13T09:51:38.166Z] <<< [apiv2][status] POST https://cloudresourcemanager.googleapis.com/v1/projects/weddings-events-96440339-a53e7:testIamPermissions 200
[debug] [2026-06-13T09:51:38.166Z] <<< [apiv2][body] POST https://cloudresourcemanager.googleapis.com/v1/projects/weddings-events-96440339-a53e7:testIamPermissions {"permissions":["firebase.projects.get","firebasehosting.sites.update"]}
[debug] [2026-06-13T09:51:38.167Z] Checked if tokens are valid: true, expires at: 1781345740275
[debug] [2026-06-13T09:51:38.167Z] Checked if tokens are valid: true, expires at: 1781345740275
[debug] [2026-06-13T09:51:38.167Z] >>> [apiv2][query] GET https://firebase.googleapis.com/v1beta1/projects/weddings-events-96440339-a53e7 [none]
[debug] [2026-06-13T09:51:38.474Z] <<< [apiv2][status] GET https://firebase.googleapis.com/v1beta1/projects/weddings-events-96440339-a53e7 200
[debug] [2026-06-13T09:51:38.474Z] <<< [apiv2][body] GET https://firebase.googleapis.com/v1beta1/projects/weddings-events-96440339-a53e7 {"projectId":"weddings-events-96440339-a53e7","projectNumber":"400810663534","displayName":"Firebase app","name":"projects/weddings-events-96440339-a53e7","resources":{"hostingSite":"weddings-events-96440339-a53e7"},"state":"ACTIVE","etag":"1_529790ec-4bec-4629-a4db-adbbe3135561"}
[info] 
[info] === Deploying to 'weddings-events-96440339-a53e7'...
[info] 
[info] i  deploying hosting 
[debug] [2026-06-13T09:51:38.476Z] Checked if tokens are valid: true, expires at: 1781345740275
[debug] [2026-06-13T09:51:38.476Z] Checked if tokens are valid: true, expires at: 1781345740275
[debug] [2026-06-13T09:51:38.476Z] >>> [apiv2][query] GET https://firebasehosting.googleapis.com/v1beta1/projects/weddings-events-96440339-a53e7/sites/estudio-emigracion-cuba [none]
[debug] [2026-06-13T09:51:39.487Z] <<< [apiv2][status] GET https://firebasehosting.googleapis.com/v1beta1/projects/weddings-events-96440339-a53e7/sites/estudio-emigracion-cuba 200
[debug] [2026-06-13T09:51:39.487Z] <<< [apiv2][body] GET https://firebasehosting.googleapis.com/v1beta1/projects/weddings-events-96440339-a53e7/sites/estudio-emigracion-cuba {"name":"projects/weddings-events-96440339-a53e7/sites/estudio-emigracion-cuba","defaultUrl":"https://estudio-emigracion-cuba.web.app","type":"USER_SITE"}
[debug] [2026-06-13T09:51:39.491Z] Checked if tokens are valid: true, expires at: 1781345740275
[debug] [2026-06-13T09:51:39.491Z] Checked if tokens are valid: true, expires at: 1781345740275
[debug] [2026-06-13T09:51:39.491Z] >>> [apiv2][query] POST https://firebasehosting.googleapis.com/v1beta1/projects/-/sites/estudio-emigracion-cuba/versions [none]
[debug] [2026-06-13T09:51:39.491Z] >>> [apiv2][body] POST https://firebasehosting.googleapis.com/v1beta1/projects/-/sites/estudio-emigracion-cuba/versions {"status":"CREATED","labels":{"deployment-tool":"cli-firebase"}}
[debug] [2026-06-13T09:51:40.904Z] <<< [apiv2][status] POST https://firebasehosting.googleapis.com/v1beta1/projects/-/sites/estudio-emigracion-cuba/versions 200
[debug] [2026-06-13T09:51:40.905Z] <<< [apiv2][body] POST https://firebasehosting.googleapis.com/v1beta1/projects/-/sites/estudio-emigracion-cuba/versions {"name":"projects/400810663534/sites/estudio-emigracion-cuba/versions/b19d1323cb025b16","status":"CREATED","config":{},"labels":{"deployment-tool":"cli-firebase"}}
[info] i  hosting[estudio-emigracion-cuba]: beginning deploy... 
[info] i  hosting[estudio-emigracion-cuba]: found 7 files in public 
[debug] [2026-06-13T09:51:40.921Z] [hosting] uploading with 200 concurrency
[debug] [2026-06-13T09:51:40.929Z] Checked if tokens are valid: true, expires at: 1781345740275
[debug] [2026-06-13T09:51:40.929Z] Checked if tokens are valid: true, expires at: 1781345740275
[debug] [2026-06-13T09:51:40.930Z] [hosting] hash cache [cHVibGlj] stored for 7 files
[debug] [2026-06-13T09:51:40.930Z] [hosting][hash queue][FINAL] {"max":5,"min":0,"avg":0.7142857142857143,"active":0,"complete":7,"success":7,"errored":0,"retried":0,"total":7,"elapsed":7}
[debug] [2026-06-13T09:51:40.931Z] >>> [apiv2][query] POST https://firebasehosting.googleapis.com/v1beta1/projects/400810663534/sites/estudio-emigracion-cuba/versions/b19d1323cb025b16:populateFiles [none]
[debug] [2026-06-13T09:51:40.931Z] >>> [apiv2][body] POST https://firebasehosting.googleapis.com/v1beta1/projects/400810663534/sites/estudio-emigracion-cuba/versions/b19d1323cb025b16:populateFiles {"files":{"/lisbon_cafe_passport.png":"8836f56086a1f7186112f4ed1bb4d1138f15cc2ec84de351e168d56ad7de25c0","/dashboard.html":"31e4b8481c97d53781aef787d359ff74bc2a6d7d1cdcbc400fa179e85f9d6655","/cuban_youth_laptop_havana.png":"21d1ed1e915a979d0e3625e8fc3cd475871cbf0aca93d0eececf44bb15d384b7","/cuban_legalization_documents.png":"d03fba053b1b88f49d1ca96dc2ed9984e568ac29678366fadf7be36ff10d3128","/chat.html":"1d1ff68155a2de30afeb3c73a56c147db4d04b68ff5e9f29bb892e6127ad8c0a","/booking.html":"03bb464f6dcc96ebf105abc45e77b81cf3f8758b78b897b1cd245720dd7c6ca2","/index.html":"307f75fdfd179b66a0661d6c338d174ee4440bf06367cab8f67fa49bec91ced1"}}
[debug] [2026-06-13T09:51:42.209Z] <<< [apiv2][status] POST https://firebasehosting.googleapis.com/v1beta1/projects/400810663534/sites/estudio-emigracion-cuba/versions/b19d1323cb025b16:populateFiles 200
[debug] [2026-06-13T09:51:42.209Z] <<< [apiv2][body] POST https://firebasehosting.googleapis.com/v1beta1/projects/400810663534/sites/estudio-emigracion-cuba/versions/b19d1323cb025b16:populateFiles {"uploadRequiredHashes":["307f75fdfd179b66a0661d6c338d174ee4440bf06367cab8f67fa49bec91ced1"],"uploadUrl":"https://upload-firebasehosting.googleapis.com/upload/sites/estudio-emigracion-cuba/versions/b19d1323cb025b16/files"}
[debug] [2026-06-13T09:51:42.210Z] Checked if tokens are valid: true, expires at: 1781345740275
[debug] [2026-06-13T09:51:42.210Z] Checked if tokens are valid: true, expires at: 1781345740275
[debug] [2026-06-13T09:51:42.211Z] >>> [apiv2][query] POST https://upload-firebasehosting.googleapis.com/upload/sites/estudio-emigracion-cuba/versions/b19d1323cb025b16/files/307f75fdfd179b66a0661d6c338d174ee4440bf06367cab8f67fa49bec91ced1 [none]
[debug] [2026-06-13T09:51:42.211Z] >>> [apiv2][body] POST https://upload-firebasehosting.googleapis.com/upload/sites/estudio-emigracion-cuba/versions/b19d1323cb025b16/files/307f75fdfd179b66a0661d6c338d174ee4440bf06367cab8f67fa49bec91ced1 [stream]
[debug] [2026-06-13T09:51:42.215Z] [hosting][populate queue][FINAL] {"max":1282,"min":1282,"avg":1282,"active":0,"complete":1,"success":1,"errored":0,"retried":0,"total":1,"elapsed":1286}
[debug] [2026-06-13T09:51:42.215Z] [hosting] uploads queued: 1
[info] i  hosting: uploading new files [0/1] (0%) 
[debug] [2026-06-13T09:51:43.310Z] <<< [apiv2][status] POST https://upload-firebasehosting.googleapis.com/upload/sites/estudio-emigracion-cuba/versions/b19d1323cb025b16/files/307f75fdfd179b66a0661d6c338d174ee4440bf06367cab8f67fa49bec91ced1 200
[debug] [2026-06-13T09:51:43.310Z] <<< [apiv2][body] POST https://upload-firebasehosting.googleapis.com/upload/sites/estudio-emigracion-cuba/versions/b19d1323cb025b16/files/307f75fdfd179b66a0661d6c338d174ee4440bf06367cab8f67fa49bec91ced1 [stream]
[debug] [2026-06-13T09:51:43.310Z] [hosting][upload queue][FINAL] {"max":1100,"min":1100,"avg":1100,"active":0,"complete":1,"success":1,"errored":0,"retried":0,"total":1,"elapsed":1100}
[info] i  hosting: upload complete 
[info] ✔  hosting[estudio-emigracion-cuba]: file upload complete 
[debug] [2026-06-13T09:51:43.311Z] [hosting] deploy completed after 2401ms
[debug] [2026-06-13T09:51:43.311Z] [
  {
    "config": {
      "site": "estudio-emigracion-cuba",
      "public": "public",
      "ignore": [
        "firebase.json",
        "**/.*",
        "**/node_modules/**"
      ]
    },
    "version": "projects/400810663534/sites/estudio-emigracion-cuba/versions/b19d1323cb025b16"
  }
]
[info] i  hosting[estudio-emigracion-cuba]: finalizing version... 
[debug] [2026-06-13T09:51:43.313Z] Checked if tokens are valid: true, expires at: 1781345740275
[debug] [2026-06-13T09:51:43.313Z] Checked if tokens are valid: true, expires at: 1781345740275
[debug] [2026-06-13T09:51:43.314Z] >>> [apiv2][query] PATCH https://firebasehosting.googleapis.com/v1beta1/projects/-/sites/estudio-emigracion-cuba/versions/b19d1323cb025b16 updateMask=status%2Cconfig
[debug] [2026-06-13T09:51:43.314Z] >>> [apiv2][body] PATCH https://firebasehosting.googleapis.com/v1beta1/projects/-/sites/estudio-emigracion-cuba/versions/b19d1323cb025b16 {"status":"FINALIZED","config":{}}
